build/app/intermediates/manifest_merge_blame_file/release/manifest-merger-blame-release-report.txt
1<?xml version="1.0" encoding="utf-8"?>
2<manifest xmlns:android="http://schemas.android.com/apk/res/android"
3    package="com.slv.wall.wallpaper"
4    android:versionCode="6"
5    android:versionName="1.0.0" >
6
7    <uses-sdk
8        android:minSdkVersion="21"
8-->src/main/AndroidManifest.xml
9        android:targetSdkVersion="31" />
9-->src/main/AndroidManifest.xml
10
11    <uses-permission android:name="android.permission.INTERNET" />
11-->src/main/AndroidManifest.xml:4:6-68
11-->src/main/AndroidManifest.xml:4:23-65
12    <uses-permission android:name="android.permission.WRITE_EXTERNAL_STORAGE" />
12-->src/main/AndroidManifest.xml:5:5-81
12-->src/main/AndroidManifest.xml:5:22-78
13    <uses-permission android:name="android.permission.READ_EXTERNAL_STORAGE" />
13-->src/main/AndroidManifest.xml:6:5-80
13-->src/main/AndroidManifest.xml:6:22-77
14    <uses-permission android:name="com.android.vending.BILLING" />
14-->src/main/AndroidManifest.xml:7:5-67
14-->src/main/AndroidManifest.xml:7:22-64
15    <uses-permission android:name="android.permission.VIBRATE" />
15-->src/main/AndroidManifest.xml:8:5-66
15-->src/main/AndroidManifest.xml:8:22-63
16    <uses-permission android:name="android.permission.ACCESS_MEDIA_LOCATION" />
16-->src/main/AndroidManifest.xml:9:5-79
16-->src/main/AndroidManifest.xml:9:22-77
17        tools:ignore="QueryAllPackagesPermission" />
18    <uses-permission android:name="android.permission.SET_WALLPAPER" />
18-->src/main/AndroidManifest.xml:13:5-72
18-->src/main/AndroidManifest.xml:13:22-69
19    <uses-permission android:name="android.permission.ACCESS_NETWORK_STATE" />
19-->[:firebase_analytics] AndroidManifest.xml:9:5-79
19-->[:firebase_analytics] AndroidManifest.xml:9:22-76
20    <uses-permission android:name="android.permission.WAKE_LOCK" />
20-->[:firebase_analytics] AndroidManifest.xml:11:5-68
20-->[:firebase_analytics] AndroidManifest.xml:11:22-65
21    <uses-permission android:name="com.google.android.gms.permission.AD_ID" /> <!-- Android package visibility setting -->
21-->[com.google.android.gms:play-services-measurement-api:21.1.1] AndroidManifest.xml:25:5-79
21-->[com.google.android.gms:play-services-measurement-api:21.1.1] AndroidManifest.xml:25:22-76
22    <queries>
22-->[com.google.android.gms:play-services-ads-lite:21.0.0] AndroidManifest.xml:28:5-44:15
23
24        <!-- For browser content -->
25        <intent>
25-->[com.google.android.gms:play-services-ads-lite:21.0.0] AndroidManifest.xml:31:9-37:18
26            <action android:name="android.intent.action.VIEW" />
26-->[com.google.firebase:firebase-auth:21.0.8] AndroidManifest.xml:34:17-69
26-->[com.google.firebase:firebase-auth:21.0.8] AndroidManifest.xml:34:25-66
27
28            <category android:name="android.intent.category.BROWSABLE" />
28-->[com.google.firebase:firebase-auth:21.0.8] AndroidManifest.xml:37:17-78
28-->[com.google.firebase:firebase-auth:21.0.8] AndroidManifest.xml:37:27-75
29
30            <data android:scheme="https" />
30-->[com.google.firebase:firebase-auth:21.0.8] AndroidManifest.xml:39:17-42:51
30-->[com.google.firebase:firebase-auth:21.0.8] AndroidManifest.xml:42:21-48
31        </intent>
32        <!-- End of browser content -->
33        <!-- For CustomTabsService -->
34        <intent>
34-->[com.google.android.gms:play-services-ads-lite:21.0.0] AndroidManifest.xml:40:9-42:18
35            <action android:name="android.support.customtabs.action.CustomTabsService" />
35-->[com.google.android.gms:play-services-ads-lite:21.0.0] AndroidManifest.xml:41:13-90
35-->[com.google.android.gms:play-services-ads-lite:21.0.0] AndroidManifest.xml:41:21-87
36        </intent>
37        <!-- End of CustomTabsService -->
38    </queries>
39
40    <uses-permission android:name="com.google.android.finsky.permission.BIND_GET_INSTALL_REFERRER_SERVICE" />
40-->[com.google.android.gms:play-services-measurement:21.1.1] AndroidManifest.xml:26:5-110
40-->[com.google.android.gms:play-services-measurement:21.1.1] AndroidManifest.xml:26:22-107
41    <uses-permission android:name="android.permission.RECEIVE_BOOT_COMPLETED" />
41-->[androidx.work:work-runtime:2.7.0] AndroidManifest.xml:27:5-81
41-->[androidx.work:work-runtime:2.7.0] AndroidManifest.xml:27:22-78
42    <uses-permission android:name="android.permission.FOREGROUND_SERVICE" />
42-->[androidx.work:work-runtime:2.7.0] AndroidManifest.xml:28:5-77
42-->[androidx.work:work-runtime:2.7.0] AndroidManifest.xml:28:22-74
43
44    <application
45        android:name="android.app.Application"
45-->src/main/AndroidManifest.xml:16:9-42
46        android:appComponentFactory="androidx.core.app.CoreComponentFactory"
46-->[androidx.core:core:1.8.0] AndroidManifest.xml:24:18-86
47        android:icon="@mipmap/ic_launcher"
47-->src/main/AndroidManifest.xml:18:9-43
48        android:label="Walls"
48-->src/main/AndroidManifest.xml:15:9-30
49        android:requestLegacyExternalStorage="true" >
49-->src/main/AndroidManifest.xml:17:9-52
50        <activity
50-->src/main/AndroidManifest.xml:19:8-39:20
51            android:name="com.slv.wall.wallpaper.MainActivity"
51-->src/main/AndroidManifest.xml:20:13-41
52            android:configChanges="orientation|keyboardHidden|keyboard|screenSize|smallestScreenSize|locale|layoutDirection|fontScale|screenLayout|density|uiMode"
52-->src/main/AndroidManifest.xml:24:13-163
53            android:exported="true"
53-->src/main/AndroidManifest.xml:21:13-36
54            android:hardwareAccelerated="true"
54-->src/main/AndroidManifest.xml:25:13-47
55            android:launchMode="singleTop"
55-->src/main/AndroidManifest.xml:22:13-43
56            android:theme="@style/LaunchTheme"
56-->src/main/AndroidManifest.xml:23:13-47
57            android:windowSoftInputMode="adjustResize" >
57-->src/main/AndroidManifest.xml:26:13-55
58
59            <!--
60                 Specifies an Android theme to apply to this Activity as soon as
61                 the Android process has started. This theme is visible to the user
62                 while the Flutter UI initializes. After that, this theme continues
63                 to determine the Window background behind the Flutter UI.
64            -->
65            <meta-data
65-->src/main/AndroidManifest.xml:31:13-34:17
66                android:name="io.flutter.embedding.android.NormalTheme"
66-->src/main/AndroidManifest.xml:32:15-70
67                android:resource="@style/NormalTheme" />
67-->src/main/AndroidManifest.xml:33:15-52
68
69            <intent-filter>
69-->src/main/AndroidManifest.xml:35:13-38:29
70                <action android:name="android.intent.action.MAIN" />
70-->src/main/AndroidManifest.xml:36:17-68
70-->src/main/AndroidManifest.xml:36:25-66
71
72                <category android:name="android.intent.category.LAUNCHER" />
72-->src/main/AndroidManifest.xml:37:17-76
72-->src/main/AndroidManifest.xml:37:27-74
73            </intent-filter>
74        </activity>
75        <!--
76             Don't delete the meta-data below.
77             This is used by the Flutter tool to generate GeneratedPluginRegistrant.java
78        -->
79        <meta-data
79-->src/main/AndroidManifest.xml:42:9-44:33
80            android:name="flutterEmbedding"
80-->src/main/AndroidManifest.xml:43:13-44
81            android:value="2" />
81-->src/main/AndroidManifest.xml:44:13-30
82        <meta-data
82-->src/main/AndroidManifest.xml:45:14-47:69
83            android:name="com.google.android.gms.ads.APPLICATION_ID"
83-->src/main/AndroidManifest.xml:46:13-69
84            android:value="ca-app-pub-3333742374217621~4486860832" />
84-->src/main/AndroidManifest.xml:47:13-67
85        <meta-data
85-->src/main/AndroidManifest.xml:48:13-50:37
86            android:name="com.google.android.play.billingclient.version"
86-->src/main/AndroidManifest.xml:49:13-73
87            android:value="4.1.0" />
87-->src/main/AndroidManifest.xml:50:13-34
88
89        <service
89-->[:cloud_firestore] AndroidManifest.xml:10:9-14:19
90            android:name="com.google.firebase.components.ComponentDiscoveryService"
90-->[:cloud_firestore] AndroidManifest.xml:10:18-89
91            android:directBootAware="true"
91-->[com.google.firebase:firebase-common:20.1.2] AndroidManifest.xml:35:13-43
92            android:exported="false" >
92-->[com.google.firebase:firebase-auth:21.0.8] AndroidManifest.xml:66:13-37
93            <meta-data
93-->[:cloud_firestore] AndroidManifest.xml:11:13-13:85
94                android:name="com.google.firebase.components:io.flutter.plugins.firebase.firestore.FlutterFirebaseFirestoreRegistrar"
94-->[:cloud_firestore] AndroidManifest.xml:12:17-134
95                android:value="com.google.firebase.components.ComponentRegistrar" />
95-->[:cloud_firestore] AndroidManifest.xml:13:17-82
96            <meta-data
96-->[:firebase_dynamic_links] AndroidManifest.xml:13:13-15:85
97                android:name="com.google.firebase.components:io.flutter.plugins.firebase.dynamiclinks.FlutterFirebaseAppRegistrar"
97-->[:firebase_dynamic_links] AndroidManifest.xml:14:17-131
98                android:value="com.google.firebase.components.ComponentRegistrar" />
98-->[:firebase_dynamic_links] AndroidManifest.xml:15:17-82
99            <meta-data
99-->[:firebase_analytics] AndroidManifest.xml:15:13-17:85
100                android:name="com.google.firebase.components:io.flutter.plugins.firebase.analytics.FlutterFirebaseAppRegistrar"
100-->[:firebase_analytics] AndroidManifest.xml:16:17-128
101                android:value="com.google.firebase.components.ComponentRegistrar" />
101-->[:firebase_analytics] AndroidManifest.xml:17:17-82
102            <meta-data
102-->[:firebase_auth] AndroidManifest.xml:11:13-13:85
103                android:name="com.google.firebase.components:io.flutter.plugins.firebase.auth.FlutterFirebaseAuthRegistrar"
103-->[:firebase_auth] AndroidManifest.xml:12:17-124
104                android:value="com.google.firebase.components.ComponentRegistrar" />
104-->[:firebase_auth] AndroidManifest.xml:13:17-82
105            <meta-data
105-->[:firebase_core] AndroidManifest.xml:11:13-13:85
106                android:name="com.google.firebase.components:io.flutter.plugins.firebase.core.FlutterFirebaseCoreRegistrar"
106-->[:firebase_core] AndroidManifest.xml:12:17-124
107                android:value="com.google.firebase.components.ComponentRegistrar" />
107-->[:firebase_core] AndroidManifest.xml:13:17-82
108            <meta-data
108-->[com.google.firebase:firebase-auth:21.0.8] AndroidManifest.xml:67:13-69:85
109                android:name="com.google.firebase.components:com.google.firebase.auth.FirebaseAuthRegistrar"
109-->[com.google.firebase:firebase-auth:21.0.8] AndroidManifest.xml:68:17-109
110                android:value="com.google.firebase.components.ComponentRegistrar" />
110-->[com.google.firebase:firebase-auth:21.0.8] AndroidManifest.xml:69:17-82
111            <meta-data
111-->[com.google.firebase:firebase-firestore:24.3.1] AndroidManifest.xml:20:13-22:85
112                android:name="com.google.firebase.components:com.google.firebase.firestore.FirestoreRegistrar"
112-->[com.google.firebase:firebase-firestore:24.3.1] AndroidManifest.xml:21:17-111
113                android:value="com.google.firebase.components.ComponentRegistrar" />
113-->[com.google.firebase:firebase-firestore:24.3.1] AndroidManifest.xml:22:17-82
114            <meta-data
114-->[com.google.firebase:firebase-dynamic-links:21.0.2] AndroidManifest.xml:27:13-29:85
115                android:name="com.google.firebase.components:com.google.firebase.dynamiclinks.internal.FirebaseDynamicLinkRegistrar"
115-->[com.google.firebase:firebase-dynamic-links:21.0.2] AndroidManifest.xml:28:17-133
116                android:value="com.google.firebase.components.ComponentRegistrar" />
116-->[com.google.firebase:firebase-dynamic-links:21.0.2] AndroidManifest.xml:29:17-82
117            <meta-data
117-->[com.google.android.gms:play-services-measurement-api:21.1.1] AndroidManifest.xml:31:13-33:85
118                android:name="com.google.firebase.components:com.google.firebase.analytics.connector.internal.AnalyticsConnectorRegistrar"
118-->[com.google.android.gms:play-services-measurement-api:21.1.1] AndroidManifest.xml:32:17-139
119                android:value="com.google.firebase.components.ComponentRegistrar" />
119-->[com.google.android.gms:play-services-measurement-api:21.1.1] AndroidManifest.xml:33:17-82
120            <meta-data
120-->[com.google.firebase:firebase-installations:17.0.3] AndroidManifest.xml:18:13-20:85
121                android:name="com.google.firebase.components:com.google.firebase.installations.FirebaseInstallationsRegistrar"
121-->[com.google.firebase:firebase-installations:17.0.3] AndroidManifest.xml:19:17-127
122                android:value="com.google.firebase.components.ComponentRegistrar" />
122-->[com.google.firebase:firebase-installations:17.0.3] AndroidManifest.xml:20:17-82
123        </service>
124
125        <meta-data
125-->[:google_mobile_ads] AndroidManifest.xml:12:9-14:36
126            android:name="io.flutter.embedded_views_preview"
126-->[:google_mobile_ads] AndroidManifest.xml:13:13-61
127            android:value="true" />
127-->[:google_mobile_ads] AndroidManifest.xml:14:13-33
128
129        <provider
129-->[:flutter_mailer] AndroidManifest.xml:10:9-18:20
130            android:name="com.dataxad.flutter_mailer.FlutterMailerFileProvider"
130-->[:flutter_mailer] AndroidManifest.xml:11:13-80
131            android:authorities="com.slv.wall.wallpaper.adv_provider"
131-->[:flutter_mailer] AndroidManifest.xml:12:13-64
132            android:exported="false"
132-->[:flutter_mailer] AndroidManifest.xml:13:13-37
133            android:grantUriPermissions="true" >
133-->[:flutter_mailer] AndroidManifest.xml:14:13-47
134            <meta-data
134-->[:flutter_mailer] AndroidManifest.xml:15:13-17:64
135                android:name="android.support.FILE_PROVIDER_PATHS"
135-->[:flutter_mailer] AndroidManifest.xml:16:17-67
136                android:resource="@xml/flutter_mailer_paths" />
136-->[:flutter_mailer] AndroidManifest.xml:17:17-61
137        </provider>
138        <provider
138-->[:image_picker_android] AndroidManifest.xml:10:9-18:20
139            android:name="io.flutter.plugins.imagepicker.ImagePickerFileProvider"
139-->[:image_picker_android] AndroidManifest.xml:11:13-82
140            android:authorities="com.slv.wall.wallpaper.flutter.image_provider"
140-->[:image_picker_android] AndroidManifest.xml:12:13-74
141            android:exported="false"
141-->[:image_picker_android] AndroidManifest.xml:13:13-37
142            android:grantUriPermissions="true" >
142-->[:image_picker_android] AndroidManifest.xml:14:13-47
143            <meta-data
143-->[:flutter_mailer] AndroidManifest.xml:15:13-17:64
144                android:name="android.support.FILE_PROVIDER_PATHS"
144-->[:flutter_mailer] AndroidManifest.xml:16:17-67
145                android:resource="@xml/flutter_image_picker_file_paths" />
145-->[:flutter_mailer] AndroidManifest.xml:17:17-61
146        </provider>
147
148        <activity
148-->[:url_launcher_android] AndroidManifest.xml:10:9-13:74
149            android:name="io.flutter.plugins.urllauncher.WebViewActivity"
149-->[:url_launcher_android] AndroidManifest.xml:11:13-74
150            android:exported="false"
150-->[:url_launcher_android] AndroidManifest.xml:12:13-37
151            android:theme="@android:style/Theme.NoTitleBar.Fullscreen" />
151-->[:url_launcher_android] AndroidManifest.xml:13:13-71
152
153        <uses-library
153-->[androidx.window:window:1.0.0-beta04] AndroidManifest.xml:25:9-27:40
154            android:name="androidx.window.extensions"
154-->[androidx.window:window:1.0.0-beta04] AndroidManifest.xml:26:13-54
155            android:required="false" />
155-->[androidx.window:window:1.0.0-beta04] AndroidManifest.xml:27:13-37
156        <uses-library
156-->[androidx.window:window:1.0.0-beta04] AndroidManifest.xml:28:9-30:40
157            android:name="androidx.window.sidecar"
157-->[androidx.window:window:1.0.0-beta04] AndroidManifest.xml:29:13-51
158            android:required="false" />
158-->[androidx.window:window:1.0.0-beta04] AndroidManifest.xml:30:13-37
159
160        <activity
160-->[com.google.android.gms:play-services-auth:20.3.0] AndroidManifest.xml:23:9-27:75
161            android:name="com.google.android.gms.auth.api.signin.internal.SignInHubActivity"
161-->[com.google.android.gms:play-services-auth:20.3.0] AndroidManifest.xml:24:13-93
162            android:excludeFromRecents="true"
162-->[com.google.android.gms:play-services-auth:20.3.0] AndroidManifest.xml:25:13-46
163            android:exported="false"
163-->[com.google.android.gms:play-services-auth:20.3.0] AndroidManifest.xml:26:13-37
164            android:theme="@android:style/Theme.Translucent.NoTitleBar" />
164-->[com.google.android.gms:play-services-auth:20.3.0] AndroidManifest.xml:27:13-72
165        <!--
166            Service handling Google Sign-In user revocation. For apps that do not integrate with
167            Google Sign-In, this service will never be started.
168        -->
169        <service
169-->[com.google.android.gms:play-services-auth:20.3.0] AndroidManifest.xml:33:9-37:51
170            android:name="com.google.android.gms.auth.api.signin.RevocationBoundService"
170-->[com.google.android.gms:play-services-auth:20.3.0] AndroidManifest.xml:34:13-89
171            android:exported="true"
171-->[com.google.android.gms:play-services-auth:20.3.0] AndroidManifest.xml:35:13-36
172            android:permission="com.google.android.gms.auth.api.signin.permission.REVOCATION_NOTIFICATION"
172-->[com.google.android.gms:play-services-auth:20.3.0] AndroidManifest.xml:36:13-107
173            android:visibleToInstantApps="true" />
173-->[com.google.android.gms:play-services-auth:20.3.0] AndroidManifest.xml:37:13-48
174
175        <provider
175-->[com.squareup.picasso:picasso:2.71828] AndroidManifest.xml:8:9-11:40
176            android:name="com.squareup.picasso.PicassoProvider"
176-->[com.squareup.picasso:picasso:2.71828] AndroidManifest.xml:9:13-64
177            android:authorities="com.slv.wall.wallpaper.com.squareup.picasso"
177-->[com.squareup.picasso:picasso:2.71828] AndroidManifest.xml:10:13-72
178            android:exported="false" />
178-->[com.squareup.picasso:picasso:2.71828] AndroidManifest.xml:11:13-37
179
180        <activity
180-->[com.google.firebase:firebase-auth:21.0.8] AndroidManifest.xml:27:9-44:20
181            android:name="com.google.firebase.auth.internal.GenericIdpActivity"
181-->[com.google.firebase:firebase-auth:21.0.8] AndroidManifest.xml:28:13-80
182            android:excludeFromRecents="true"
182-->[com.google.firebase:firebase-auth:21.0.8] AndroidManifest.xml:29:13-46
183            android:exported="true"
183-->[com.google.firebase:firebase-auth:21.0.8] AndroidManifest.xml:30:13-36
184            android:launchMode="singleTask"
184-->[com.google.firebase:firebase-auth:21.0.8] AndroidManifest.xml:31:13-44
185            android:theme="@android:style/Theme.Translucent.NoTitleBar" >
185-->[com.google.firebase:firebase-auth:21.0.8] AndroidManifest.xml:32:13-72
186            <intent-filter>
186-->[com.google.firebase:firebase-auth:21.0.8] AndroidManifest.xml:33:13-43:29
187                <action android:name="android.intent.action.VIEW" />
187-->[com.google.firebase:firebase-auth:21.0.8] AndroidManifest.xml:34:17-69
187-->[com.google.firebase:firebase-auth:21.0.8] AndroidManifest.xml:34:25-66
188
189                <category android:name="android.intent.category.DEFAULT" />
189-->[com.google.firebase:firebase-auth:21.0.8] AndroidManifest.xml:36:17-76
189-->[com.google.firebase:firebase-auth:21.0.8] AndroidManifest.xml:36:27-73
190                <category android:name="android.intent.category.BROWSABLE" />
190-->[com.google.firebase:firebase-auth:21.0.8] AndroidManifest.xml:37:17-78
190-->[com.google.firebase:firebase-auth:21.0.8] AndroidManifest.xml:37:27-75
191
192                <data
192-->[com.google.firebase:firebase-auth:21.0.8] AndroidManifest.xml:39:17-42:51
193                    android:host="firebase.auth"
193-->[com.google.firebase:firebase-auth:21.0.8] AndroidManifest.xml:40:21-49
194                    android:path="/"
194-->[com.google.firebase:firebase-auth:21.0.8] AndroidManifest.xml:41:21-37
195                    android:scheme="genericidp" />
195-->[com.google.firebase:firebase-auth:21.0.8] AndroidManifest.xml:42:21-48
196            </intent-filter>
197        </activity>
198        <activity
198-->[com.google.firebase:firebase-auth:21.0.8] AndroidManifest.xml:45:9-62:20
199            android:name="com.google.firebase.auth.internal.RecaptchaActivity"
199-->[com.google.firebase:firebase-auth:21.0.8] AndroidManifest.xml:46:13-79
200            android:excludeFromRecents="true"
200-->[com.google.firebase:firebase-auth:21.0.8] AndroidManifest.xml:47:13-46
201            android:exported="true"
201-->[com.google.firebase:firebase-auth:21.0.8] AndroidManifest.xml:48:13-36
202            android:launchMode="singleTask"
202-->[com.google.firebase:firebase-auth:21.0.8] AndroidManifest.xml:49:13-44
203            android:theme="@android:style/Theme.Translucent.NoTitleBar" >
203-->[com.google.firebase:firebase-auth:21.0.8] AndroidManifest.xml:50:13-72
204            <intent-filter>
204-->[com.google.firebase:firebase-auth:21.0.8] AndroidManifest.xml:51:13-61:29
205                <action android:name="android.intent.action.VIEW" />
205-->[com.google.firebase:firebase-auth:21.0.8] AndroidManifest.xml:34:17-69
205-->[com.google.firebase:firebase-auth:21.0.8] AndroidManifest.xml:34:25-66
206
207                <category android:name="android.intent.category.DEFAULT" />
207-->[com.google.firebase:firebase-auth:21.0.8] AndroidManifest.xml:36:17-76
207-->[com.google.firebase:firebase-auth:21.0.8] AndroidManifest.xml:36:27-73
208                <category android:name="android.intent.category.BROWSABLE" />
208-->[com.google.firebase:firebase-auth:21.0.8] AndroidManifest.xml:37:17-78
208-->[com.google.firebase:firebase-auth:21.0.8] AndroidManifest.xml:37:27-75
209
210                <data
210-->[com.google.firebase:firebase-auth:21.0.8] AndroidManifest.xml:39:17-42:51
211                    android:host="firebase.auth"
211-->[com.google.firebase:firebase-auth:21.0.8] AndroidManifest.xml:40:21-49
212                    android:path="/"
212-->[com.google.firebase:firebase-auth:21.0.8] AndroidManifest.xml:41:21-37
213                    android:scheme="recaptcha" />
213-->[com.google.firebase:firebase-auth:21.0.8] AndroidManifest.xml:42:21-48
214            </intent-filter>
215        </activity>
216
217        <provider
217-->[com.google.firebase:firebase-common:20.1.2] AndroidManifest.xml:26:9-31:39
218            android:name="com.google.firebase.provider.FirebaseInitProvider"
218-->[com.google.firebase:firebase-common:20.1.2] AndroidManifest.xml:27:13-77
219            android:authorities="com.slv.wall.wallpaper.firebaseinitprovider"
219-->[com.google.firebase:firebase-common:20.1.2] AndroidManifest.xml:28:13-72
220            android:directBootAware="true"
220-->[com.google.firebase:firebase-common:20.1.2] AndroidManifest.xml:29:13-43
221            android:exported="false"
221-->[com.google.firebase:firebase-common:20.1.2] AndroidManifest.xml:30:13-37
222            android:initOrder="100" />
222-->[com.google.firebase:firebase-common:20.1.2] AndroidManifest.xml:31:13-36
223
224        <activity
224-->[com.google.android.gms:play-services-base:18.0.1] AndroidManifest.xml:20:9-22:45
225            android:name="com.google.android.gms.common.api.GoogleApiActivity"
225-->[com.google.android.gms:play-services-base:18.0.1] AndroidManifest.xml:20:19-85
226            android:exported="false"
226-->[com.google.android.gms:play-services-base:18.0.1] AndroidManifest.xml:22:19-43
227            android:theme="@android:style/Theme.Translucent.NoTitleBar" /> <!-- Include the AdActivity and InAppPurchaseActivity configChanges and themes. -->
227-->[com.google.android.gms:play-services-base:18.0.1] AndroidManifest.xml:21:19-78
228        <activity
228-->[com.google.android.gms:play-services-ads-lite:21.0.0] AndroidManifest.xml:49:9-53:64
229            android:name="com.google.android.gms.ads.AdActivity"
229-->[com.google.android.gms:play-services-ads-lite:21.0.0] AndroidManifest.xml:50:13-65
230            android:configChanges="keyboard|keyboardHidden|orientation|screenLayout|uiMode|screenSize|smallestScreenSize"
230-->[com.google.android.gms:play-services-ads-lite:21.0.0] AndroidManifest.xml:51:13-122
231            android:exported="false"
231-->[com.google.android.gms:play-services-ads-lite:21.0.0] AndroidManifest.xml:52:13-37
232            android:theme="@android:style/Theme.Translucent" />
232-->[com.google.android.gms:play-services-ads-lite:21.0.0] AndroidManifest.xml:53:13-61
233
234        <provider
234-->[com.google.android.gms:play-services-ads-lite:21.0.0] AndroidManifest.xml:55:9-59:39
235            android:name="com.google.android.gms.ads.MobileAdsInitProvider"
235-->[com.google.android.gms:play-services-ads-lite:21.0.0] AndroidManifest.xml:56:13-76
236            android:authorities="com.slv.wall.wallpaper.mobileadsinitprovider"
236-->[com.google.android.gms:play-services-ads-lite:21.0.0] AndroidManifest.xml:57:13-73
237            android:exported="false"
237-->[com.google.android.gms:play-services-ads-lite:21.0.0] AndroidManifest.xml:58:13-37
238            android:initOrder="100" />
238-->[com.google.android.gms:play-services-ads-lite:21.0.0] AndroidManifest.xml:59:13-36
239
240        <service
240-->[com.google.android.gms:play-services-ads-lite:21.0.0] AndroidManifest.xml:61:9-64:40
241            android:name="com.google.android.gms.ads.AdService"
241-->[com.google.android.gms:play-services-ads-lite:21.0.0] AndroidManifest.xml:62:13-64
242            android:enabled="true"
242-->[com.google.android.gms:play-services-ads-lite:21.0.0] AndroidManifest.xml:63:13-35
243            android:exported="false" />
243-->[com.google.android.gms:play-services-ads-lite:21.0.0] AndroidManifest.xml:64:13-37
244
245        <receiver
245-->[com.google.android.gms:play-services-measurement:21.1.1] AndroidManifest.xml:29:9-33:20
246            android:name="com.google.android.gms.measurement.AppMeasurementReceiver"
246-->[com.google.android.gms:play-services-measurement:21.1.1] AndroidManifest.xml:30:13-85
247            android:enabled="true"
247-->[com.google.android.gms:play-services-measurement:21.1.1] AndroidManifest.xml:31:13-35
248            android:exported="false" >
248-->[com.google.android.gms:play-services-measurement:21.1.1] AndroidManifest.xml:32:13-37
249        </receiver>
250
251        <service
251-->[com.google.android.gms:play-services-measurement:21.1.1] AndroidManifest.xml:35:9-38:40
252            android:name="com.google.android.gms.measurement.AppMeasurementService"
252-->[com.google.android.gms:play-services-measurement:21.1.1] AndroidManifest.xml:36:13-84
253            android:enabled="true"
253-->[com.google.android.gms:play-services-measurement:21.1.1] AndroidManifest.xml:37:13-35
254            android:exported="false" />
254-->[com.google.android.gms:play-services-measurement:21.1.1] AndroidManifest.xml:38:13-37
255        <service
255-->[com.google.android.gms:play-services-measurement:21.1.1] AndroidManifest.xml:39:9-43:72
256            android:name="com.google.android.gms.measurement.AppMeasurementJobService"
256-->[com.google.android.gms:play-services-measurement:21.1.1] AndroidManifest.xml:40:13-87
257            android:enabled="true"
257-->[com.google.android.gms:play-services-measurement:21.1.1] AndroidManifest.xml:41:13-35
258            android:exported="false"
258-->[com.google.android.gms:play-services-measurement:21.1.1] AndroidManifest.xml:42:13-37
259            android:permission="android.permission.BIND_JOB_SERVICE" />
259-->[com.google.android.gms:play-services-measurement:21.1.1] AndroidManifest.xml:43:13-69
260
261        <receiver
261-->[com.revenuecat.purchases:purchases-store-amazon:5.6.1] AndroidManifest.xml:10:9-17:20
262            android:name="com.amazon.device.iap.ResponseReceiver"
262-->[com.revenuecat.purchases:purchases-store-amazon:5.6.1] AndroidManifest.xml:11:13-66
263            android:exported="true"
263-->[com.revenuecat.purchases:purchases-store-amazon:5.6.1] AndroidManifest.xml:12:13-36
264            android:permission="com.amazon.inapp.purchasing.Permission.NOTIFY" >
264-->[com.revenuecat.purchases:purchases-store-amazon:5.6.1] AndroidManifest.xml:13:13-79
265            <intent-filter>
265-->[com.revenuecat.purchases:purchases-store-amazon:5.6.1] AndroidManifest.xml:14:13-16:29
266                <action android:name="com.amazon.inapp.purchasing.NOTIFY" />
266-->[com.revenuecat.purchases:purchases-store-amazon:5.6.1] AndroidManifest.xml:15:17-77
266-->[com.revenuecat.purchases:purchases-store-amazon:5.6.1] AndroidManifest.xml:15:25-74
267            </intent-filter>
268        </receiver>
269
270        <activity
270-->[com.revenuecat.purchases:purchases-store-amazon:5.6.1] AndroidManifest.xml:19:9-22:75
271            android:name="com.revenuecat.purchases.amazon.purchasing.ProxyAmazonBillingActivity"
271-->[com.revenuecat.purchases:purchases-store-amazon:5.6.1] AndroidManifest.xml:20:13-97
272            android:configChanges="keyboard|keyboardHidden|screenLayout|screenSize|orientation"
272-->[com.revenuecat.purchases:purchases-store-amazon:5.6.1] AndroidManifest.xml:21:13-96
273            android:theme="@android:style/Theme.Translucent.NoTitleBar" />
273-->[com.revenuecat.purchases:purchases-store-amazon:5.6.1] AndroidManifest.xml:22:13-72
274
275        <meta-data
275-->[com.google.android.gms:play-services-basement:18.1.0] AndroidManifest.xml:21:9-23:69
276            android:name="com.google.android.gms.version"